<?xml version="1.0" encoding="UTF-8"?>
<!-- Generated by org.testng.reporters.JUnitXMLReporter -->
<testsuite hostname="LAPTOP-855T3PMD" name="Test" tests="7" failures="1" timestamp="14 Mar 2021 11:29:23 GMT" time="0.068" errors="0">
  <testcase name="trial1" time="0.014" classname="Test_anotation.Sample"/>
  <testcase name="test1" time="0.002" classname="DPT.Sample"/>
  <testcase name="test2" time="0.003" classname="DPT.Sample">
    <failure type="java.lang.AssertionError" message="null">
      <![CDATA[java.lang.AssertionError: null
	at DPT.Sample.test2(Sample.java:15)
... Removed 27 stack frames]]>
    </failure>
  </testcase> <!-- test2 -->
  <testcase name="test1" time="0.002" classname="DPT.Sample2"/>
  <testcase name="trial" time="0.001" classname="Test_anotation.Sample"/>
  <testcase name="trial" time="0.001" classname="Test_anotation.Sample"/>
  <testcase name="trial" time="0.002" classname="Test_anotation.Sample"/>
</testsuite> <!-- Test -->
